<?xml version="1.0" encoding="UTF-8"?>
<!-- Generated by org.testng.reporters.JUnitReportReporter -->
<testsuite skipped="0" hostname="DESKTOP-DFCL9KH" name="com.testng.Hl$firsttestngfile" tests="1" failures="0" timestamp="29 Jul 2021 11:39:43 GMT" time="11.394" errors="0">
  <testcase name="verifyHomepageTitle" time="11.394" classname="com.testng.Hl$firsttestngfile"/>
</testsuite> <!-- com.testng.Hl$firsttestngfile -->
