<?xml version="1.0" encoding="UTF-8"?>
<!-- Generated by org.testng.reporters.JUnitReportReporter -->
<testsuite skipped="0" hostname="DESKTOP-DFCL9KH" name="Testng.Hello" tests="3" failures="0" timestamp="31 Jul 2021 08:11:28 GMT" time="0.022" errors="0">
  <testcase name="testMethod1" time="0.018" classname="Testng.Hello"/>
  <testcase name="testMethod3" time="0.001" classname="Testng.Hello"/>
  <testcase name="testMethod2" time="0.003" classname="Testng.Hello"/>
</testsuite> <!-- Testng.Hello -->
